
Generation of PNP 'helpmecarry'
plan read:  goto_exit; turn_130_ABS; headpose_0_-3; waitfor_personhere; say_hello; followuntil_screentouched; say_goodbye; headpose_0_0;
current plan:  goto_exit; turn_130_ABS; headpose_0_-3; waitfor_personhere; say_hello; followuntil_screentouched; say_goodbye; headpose_0_0;
rest of the plan:  turn_130_ABS; headpose_0_-3; waitfor_personhere; say_hello; followuntil_screentouched; say_goodbye; headpose_0_0;
..adding action: goto_exit
current plan:  turn_130_ABS; headpose_0_-3; waitfor_personhere; say_hello; followuntil_screentouched; say_goodbye; headpose_0_0;
rest of the plan:  headpose_0_-3; waitfor_personhere; say_hello; followuntil_screentouched; say_goodbye; headpose_0_0;
..adding action: turn_130_ABS
current plan:  headpose_0_-3; waitfor_personhere; say_hello; followuntil_screentouched; say_goodbye; headpose_0_0;
rest of the plan:  waitfor_personhere; say_hello; followuntil_screentouched; say_goodbye; headpose_0_0;
..adding action: headpose_0_-3
current plan:  waitfor_personhere; say_hello; followuntil_screentouched; say_goodbye; headpose_0_0;
rest of the plan:  say_hello; followuntil_screentouched; say_goodbye; headpose_0_0;
..adding action: waitfor_personhere
current plan:  say_hello; followuntil_screentouched; say_goodbye; headpose_0_0;
rest of the plan:  followuntil_screentouched; say_goodbye; headpose_0_0;
..adding action: say_hello
current plan:  followuntil_screentouched; say_goodbye; headpose_0_0;
rest of the plan:  say_goodbye; headpose_0_0;
..adding action: followuntil_screentouched
current plan:  say_goodbye; headpose_0_0;
rest of the plan:  headpose_0_0;
..adding action: say_goodbye
current plan:  headpose_0_0;
rest of the plan: 
..adding action: headpose_0_0
current plan: 
end

PNP 'helpmecarry' saved.
PNP stats: 'Actions: 8 Places: 17 Transitions: 16 Edges: 32
