
Generation of PNP 'rips'
plan read:  waitfor_dooropen; goto_entrance; waitfor_screentouched; goto_exit;         # er: if personhere say_hello
current plan:  waitfor_dooropen; goto_entrance; waitfor_screentouched; goto_exit;         # er: if personhere say_hello
rest of the plan:  goto_entrance; waitfor_screentouched; goto_exit;         # er: if personhere say_hello
..adding action: waitfor_dooropen
current plan:  goto_entrance; waitfor_screentouched; goto_exit;         # er: if personhere say_hello
rest of the plan:  waitfor_screentouched; goto_exit;         # er: if personhere say_hello
..adding action: goto_entrance
current plan:  waitfor_screentouched; goto_exit;         # er: if personhere say_hello
rest of the plan:  goto_exit;         # er: if personhere say_hello
..adding action: waitfor_screentouched
current plan:  goto_exit;         # er: if personhere say_hello
rest of the plan:          # er: if personhere say_hello
..adding action: goto_exit
current plan:          # er: if personhere say_hello
rest of the plan: 
..adding action: # er: if personhere say_hello
current plan: 
end

PNP 'rips' saved.
PNP stats: 'Actions: 4 Places: 9 Transitions: 8 Edges: 16
