Determining if the pthread_create exist failed with the following output:
Change Dir: /home/marc/workspace/SPQReL/worktree/spqrel_navigation/build-linux64/CMakeFiles/CMakeTmp

Run Build Command:"/usr/bin/make" "cmTC_783cb/fast"
make[2]: Entering directory '/home/marc/workspace/SPQReL/worktree/spqrel_navigation/build-linux64/CMakeFiles/CMakeTmp'
/usr/bin/make -f CMakeFiles/cmTC_783cb.dir/build.make CMakeFiles/cmTC_783cb.dir/build
make[3]: Entering directory '/home/marc/workspace/SPQReL/worktree/spqrel_navigation/build-linux64/CMakeFiles/CMakeTmp'
Building C object CMakeFiles/cmTC_783cb.dir/CheckSymbolExists.c.o
/usr/bin/cc     -o CMakeFiles/cmTC_783cb.dir/CheckSymbolExists.c.o   -c /home/marc/workspace/SPQReL/worktree/spqrel_navigation/build-linux64/CMakeFiles/CMakeTmp/CheckSymbolExists.c
Linking C executable cmTC_783cb
/usr/bin/cmake -E cmake_link_script CMakeFiles/cmTC_783cb.dir/link.txt --verbose=1
/usr/bin/cc       CMakeFiles/cmTC_783cb.dir/CheckSymbolExists.c.o  -o cmTC_783cb -rdynamic 
CMakeFiles/cmTC_783cb.dir/CheckSymbolExists.c.o: In function `main':
CheckSymbolExists.c:(.text+0x16): undefined reference to `pthread_create'
collect2: error: ld returned 1 exit status
CMakeFiles/cmTC_783cb.dir/build.make:97: recipe for target 'cmTC_783cb' failed
make[3]: *** [cmTC_783cb] Error 1
make[3]: Leaving directory '/home/marc/workspace/SPQReL/worktree/spqrel_navigation/build-linux64/CMakeFiles/CMakeTmp'
Makefile:126: recipe for target 'cmTC_783cb/fast' failed
make[2]: *** [cmTC_783cb/fast] Error 2
make[2]: Leaving directory '/home/marc/workspace/SPQReL/worktree/spqrel_navigation/build-linux64/CMakeFiles/CMakeTmp'

File /home/marc/workspace/SPQReL/worktree/spqrel_navigation/build-linux64/CMakeFiles/CMakeTmp/CheckSymbolExists.c:
/* */
#include <pthread.h>

int main(int argc, char** argv)
{
  (void)argv;
#ifndef pthread_create
  return ((int*)(&pthread_create))[argc];
#else
  (void)argc;
  return 0;
#endif
}

Determining if the function pthread_create exists in the pthreads failed with the following output:
Change Dir: /home/marc/workspace/SPQReL/worktree/spqrel_navigation/build-linux64/CMakeFiles/CMakeTmp

Run Build Command:"/usr/bin/make" "cmTC_2aaf0/fast"
make[2]: Entering directory '/home/marc/workspace/SPQReL/worktree/spqrel_navigation/build-linux64/CMakeFiles/CMakeTmp'
/usr/bin/make -f CMakeFiles/cmTC_2aaf0.dir/build.make CMakeFiles/cmTC_2aaf0.dir/build
make[3]: Entering directory '/home/marc/workspace/SPQReL/worktree/spqrel_navigation/build-linux64/CMakeFiles/CMakeTmp'
Building C object CMakeFiles/cmTC_2aaf0.dir/CheckFunctionExists.c.o
/usr/bin/cc    -DCHECK_FUNCTION_EXISTS=pthread_create   -o CMakeFiles/cmTC_2aaf0.dir/CheckFunctionExists.c.o   -c /usr/share/cmake-3.5/Modules/CheckFunctionExists.c
Linking C executable cmTC_2aaf0
/usr/bin/cmake -E cmake_link_script CMakeFiles/cmTC_2aaf0.dir/link.txt --verbose=1
/usr/bin/cc   -DCHECK_FUNCTION_EXISTS=pthread_create    CMakeFiles/cmTC_2aaf0.dir/CheckFunctionExists.c.o  -o cmTC_2aaf0 -rdynamic -lpthreads 
/usr/bin/ld: cannot find -lpthreads
collect2: error: ld returned 1 exit status
CMakeFiles/cmTC_2aaf0.dir/build.make:97: recipe for target 'cmTC_2aaf0' failed
make[3]: *** [cmTC_2aaf0] Error 1
make[3]: Leaving directory '/home/marc/workspace/SPQReL/worktree/spqrel_navigation/build-linux64/CMakeFiles/CMakeTmp'
Makefile:126: recipe for target 'cmTC_2aaf0/fast' failed
make[2]: *** [cmTC_2aaf0/fast] Error 2
make[2]: Leaving directory '/home/marc/workspace/SPQReL/worktree/spqrel_navigation/build-linux64/CMakeFiles/CMakeTmp'


