Determining if the pthread_create exist failed with the following output:
Change Dir: /home/marc/workspace/SPQReL/worktree/spqrel_tools/pepper_tools/setstate/build-sysinstall/CMakeFiles/CMakeTmp

Run Build Command:"/usr/bin/make" "cmTC_70e0d/fast"
make[1]: Entering directory '/home/marc/workspace/SPQReL/worktree/spqrel_tools/pepper_tools/setstate/build-sysinstall/CMakeFiles/CMakeTmp'
/usr/bin/make -f CMakeFiles/cmTC_70e0d.dir/build.make CMakeFiles/cmTC_70e0d.dir/build
make[2]: Entering directory '/home/marc/workspace/SPQReL/worktree/spqrel_tools/pepper_tools/setstate/build-sysinstall/CMakeFiles/CMakeTmp'
Building C object CMakeFiles/cmTC_70e0d.dir/CheckSymbolExists.c.o
/usr/bin/cc     -o CMakeFiles/cmTC_70e0d.dir/CheckSymbolExists.c.o   -c /home/marc/workspace/SPQReL/worktree/spqrel_tools/pepper_tools/setstate/build-sysinstall/CMakeFiles/CMakeTmp/CheckSymbolExists.c
Linking C executable cmTC_70e0d
/usr/bin/cmake -E cmake_link_script CMakeFiles/cmTC_70e0d.dir/link.txt --verbose=1
/usr/bin/cc       CMakeFiles/cmTC_70e0d.dir/CheckSymbolExists.c.o  -o cmTC_70e0d -rdynamic 
CMakeFiles/cmTC_70e0d.dir/CheckSymbolExists.c.o: In function `main':
CheckSymbolExists.c:(.text+0x16): undefined reference to `pthread_create'
collect2: error: ld returned 1 exit status
CMakeFiles/cmTC_70e0d.dir/build.make:97: recipe for target 'cmTC_70e0d' failed
make[2]: *** [cmTC_70e0d] Error 1
make[2]: Leaving directory '/home/marc/workspace/SPQReL/worktree/spqrel_tools/pepper_tools/setstate/build-sysinstall/CMakeFiles/CMakeTmp'
Makefile:126: recipe for target 'cmTC_70e0d/fast' failed
make[1]: *** [cmTC_70e0d/fast] Error 2
make[1]: Leaving directory '/home/marc/workspace/SPQReL/worktree/spqrel_tools/pepper_tools/setstate/build-sysinstall/CMakeFiles/CMakeTmp'

File /home/marc/workspace/SPQReL/worktree/spqrel_tools/pepper_tools/setstate/build-sysinstall/CMakeFiles/CMakeTmp/CheckSymbolExists.c:
/* */
#include <pthread.h>

int main(int argc, char** argv)
{
  (void)argv;
#ifndef pthread_create
  return ((int*)(&pthread_create))[argc];
#else
  (void)argc;
  return 0;
#endif
}

Determining if the function pthread_create exists in the pthreads failed with the following output:
Change Dir: /home/marc/workspace/SPQReL/worktree/spqrel_tools/pepper_tools/setstate/build-sysinstall/CMakeFiles/CMakeTmp

Run Build Command:"/usr/bin/make" "cmTC_9c53a/fast"
make[1]: Entering directory '/home/marc/workspace/SPQReL/worktree/spqrel_tools/pepper_tools/setstate/build-sysinstall/CMakeFiles/CMakeTmp'
/usr/bin/make -f CMakeFiles/cmTC_9c53a.dir/build.make CMakeFiles/cmTC_9c53a.dir/build
make[2]: Entering directory '/home/marc/workspace/SPQReL/worktree/spqrel_tools/pepper_tools/setstate/build-sysinstall/CMakeFiles/CMakeTmp'
Building C object CMakeFiles/cmTC_9c53a.dir/CheckFunctionExists.c.o
/usr/bin/cc    -DCHECK_FUNCTION_EXISTS=pthread_create   -o CMakeFiles/cmTC_9c53a.dir/CheckFunctionExists.c.o   -c /usr/share/cmake-3.5/Modules/CheckFunctionExists.c
Linking C executable cmTC_9c53a
/usr/bin/cmake -E cmake_link_script CMakeFiles/cmTC_9c53a.dir/link.txt --verbose=1
/usr/bin/cc   -DCHECK_FUNCTION_EXISTS=pthread_create    CMakeFiles/cmTC_9c53a.dir/CheckFunctionExists.c.o  -o cmTC_9c53a -rdynamic -lpthreads 
/usr/bin/ld: cannot find -lpthreads
collect2: error: ld returned 1 exit status
CMakeFiles/cmTC_9c53a.dir/build.make:97: recipe for target 'cmTC_9c53a' failed
make[2]: *** [cmTC_9c53a] Error 1
make[2]: Leaving directory '/home/marc/workspace/SPQReL/worktree/spqrel_tools/pepper_tools/setstate/build-sysinstall/CMakeFiles/CMakeTmp'
Makefile:126: recipe for target 'cmTC_9c53a/fast' failed
make[1]: *** [cmTC_9c53a/fast] Error 2
make[1]: Leaving directory '/home/marc/workspace/SPQReL/worktree/spqrel_tools/pepper_tools/setstate/build-sysinstall/CMakeFiles/CMakeTmp'


