Determining if the pthread_create exist failed with the following output:
Change Dir: /home/marc/workspace/SPQReL/worktree/spqrel_tools/pepper_tools/setjointangle/build-sysinstall/CMakeFiles/CMakeTmp

Run Build Command:"/usr/bin/make" "cmTC_867b8/fast"
make[1]: Entering directory '/home/marc/workspace/SPQReL/worktree/spqrel_tools/pepper_tools/setjointangle/build-sysinstall/CMakeFiles/CMakeTmp'
/usr/bin/make -f CMakeFiles/cmTC_867b8.dir/build.make CMakeFiles/cmTC_867b8.dir/build
make[2]: Entering directory '/home/marc/workspace/SPQReL/worktree/spqrel_tools/pepper_tools/setjointangle/build-sysinstall/CMakeFiles/CMakeTmp'
Building C object CMakeFiles/cmTC_867b8.dir/CheckSymbolExists.c.o
/usr/bin/cc     -o CMakeFiles/cmTC_867b8.dir/CheckSymbolExists.c.o   -c /home/marc/workspace/SPQReL/worktree/spqrel_tools/pepper_tools/setjointangle/build-sysinstall/CMakeFiles/CMakeTmp/CheckSymbolExists.c
Linking C executable cmTC_867b8
/usr/bin/cmake -E cmake_link_script CMakeFiles/cmTC_867b8.dir/link.txt --verbose=1
/usr/bin/cc       CMakeFiles/cmTC_867b8.dir/CheckSymbolExists.c.o  -o cmTC_867b8 -rdynamic 
CMakeFiles/cmTC_867b8.dir/CheckSymbolExists.c.o: In function `main':
CheckSymbolExists.c:(.text+0x16): undefined reference to `pthread_create'
collect2: error: ld returned 1 exit status
CMakeFiles/cmTC_867b8.dir/build.make:97: recipe for target 'cmTC_867b8' failed
make[2]: *** [cmTC_867b8] Error 1
make[2]: Leaving directory '/home/marc/workspace/SPQReL/worktree/spqrel_tools/pepper_tools/setjointangle/build-sysinstall/CMakeFiles/CMakeTmp'
Makefile:126: recipe for target 'cmTC_867b8/fast' failed
make[1]: *** [cmTC_867b8/fast] Error 2
make[1]: Leaving directory '/home/marc/workspace/SPQReL/worktree/spqrel_tools/pepper_tools/setjointangle/build-sysinstall/CMakeFiles/CMakeTmp'

File /home/marc/workspace/SPQReL/worktree/spqrel_tools/pepper_tools/setjointangle/build-sysinstall/CMakeFiles/CMakeTmp/CheckSymbolExists.c:
/* */
#include <pthread.h>

int main(int argc, char** argv)
{
  (void)argv;
#ifndef pthread_create
  return ((int*)(&pthread_create))[argc];
#else
  (void)argc;
  return 0;
#endif
}

Determining if the function pthread_create exists in the pthreads failed with the following output:
Change Dir: /home/marc/workspace/SPQReL/worktree/spqrel_tools/pepper_tools/setjointangle/build-sysinstall/CMakeFiles/CMakeTmp

Run Build Command:"/usr/bin/make" "cmTC_5330b/fast"
make[1]: Entering directory '/home/marc/workspace/SPQReL/worktree/spqrel_tools/pepper_tools/setjointangle/build-sysinstall/CMakeFiles/CMakeTmp'
/usr/bin/make -f CMakeFiles/cmTC_5330b.dir/build.make CMakeFiles/cmTC_5330b.dir/build
make[2]: Entering directory '/home/marc/workspace/SPQReL/worktree/spqrel_tools/pepper_tools/setjointangle/build-sysinstall/CMakeFiles/CMakeTmp'
Building C object CMakeFiles/cmTC_5330b.dir/CheckFunctionExists.c.o
/usr/bin/cc    -DCHECK_FUNCTION_EXISTS=pthread_create   -o CMakeFiles/cmTC_5330b.dir/CheckFunctionExists.c.o   -c /usr/share/cmake-3.5/Modules/CheckFunctionExists.c
Linking C executable cmTC_5330b
/usr/bin/cmake -E cmake_link_script CMakeFiles/cmTC_5330b.dir/link.txt --verbose=1
/usr/bin/cc   -DCHECK_FUNCTION_EXISTS=pthread_create    CMakeFiles/cmTC_5330b.dir/CheckFunctionExists.c.o  -o cmTC_5330b -rdynamic -lpthreads 
/usr/bin/ld: cannot find -lpthreads
collect2: error: ld returned 1 exit status
CMakeFiles/cmTC_5330b.dir/build.make:97: recipe for target 'cmTC_5330b' failed
make[2]: *** [cmTC_5330b] Error 1
make[2]: Leaving directory '/home/marc/workspace/SPQReL/worktree/spqrel_tools/pepper_tools/setjointangle/build-sysinstall/CMakeFiles/CMakeTmp'
Makefile:126: recipe for target 'cmTC_5330b/fast' failed
make[1]: *** [cmTC_5330b/fast] Error 2
make[1]: Leaving directory '/home/marc/workspace/SPQReL/worktree/spqrel_tools/pepper_tools/setjointangle/build-sysinstall/CMakeFiles/CMakeTmp'


