Determining if the pthread_create exist failed with the following output:
Change Dir: /home/marc/workspace/SPQReL/worktree/PetriNetPlans/PNPnaoqi/build-sysinstall/CMakeFiles/CMakeTmp

Run Build Command:"/usr/bin/make" "cmTC_46413/fast"
make[2]: Entering directory '/home/marc/workspace/SPQReL/worktree/PetriNetPlans/PNPnaoqi/build-sysinstall/CMakeFiles/CMakeTmp'
/usr/bin/make -f CMakeFiles/cmTC_46413.dir/build.make CMakeFiles/cmTC_46413.dir/build
make[3]: Entering directory '/home/marc/workspace/SPQReL/worktree/PetriNetPlans/PNPnaoqi/build-sysinstall/CMakeFiles/CMakeTmp'
Building C object CMakeFiles/cmTC_46413.dir/CheckSymbolExists.c.o
/usr/bin/cc     -o CMakeFiles/cmTC_46413.dir/CheckSymbolExists.c.o   -c /home/marc/workspace/SPQReL/worktree/PetriNetPlans/PNPnaoqi/build-sysinstall/CMakeFiles/CMakeTmp/CheckSymbolExists.c
Linking C executable cmTC_46413
/usr/bin/cmake -E cmake_link_script CMakeFiles/cmTC_46413.dir/link.txt --verbose=1
/usr/bin/cc       CMakeFiles/cmTC_46413.dir/CheckSymbolExists.c.o  -o cmTC_46413 -rdynamic 
CMakeFiles/cmTC_46413.dir/CheckSymbolExists.c.o: In function `main':
CheckSymbolExists.c:(.text+0x16): undefined reference to `pthread_create'
collect2: error: ld returned 1 exit status
CMakeFiles/cmTC_46413.dir/build.make:97: recipe for target 'cmTC_46413' failed
make[3]: *** [cmTC_46413] Error 1
make[3]: Leaving directory '/home/marc/workspace/SPQReL/worktree/PetriNetPlans/PNPnaoqi/build-sysinstall/CMakeFiles/CMakeTmp'
Makefile:126: recipe for target 'cmTC_46413/fast' failed
make[2]: *** [cmTC_46413/fast] Error 2
make[2]: Leaving directory '/home/marc/workspace/SPQReL/worktree/PetriNetPlans/PNPnaoqi/build-sysinstall/CMakeFiles/CMakeTmp'

File /home/marc/workspace/SPQReL/worktree/PetriNetPlans/PNPnaoqi/build-sysinstall/CMakeFiles/CMakeTmp/CheckSymbolExists.c:
/* */
#include <pthread.h>

int main(int argc, char** argv)
{
  (void)argv;
#ifndef pthread_create
  return ((int*)(&pthread_create))[argc];
#else
  (void)argc;
  return 0;
#endif
}

Determining if the function pthread_create exists in the pthreads failed with the following output:
Change Dir: /home/marc/workspace/SPQReL/worktree/PetriNetPlans/PNPnaoqi/build-sysinstall/CMakeFiles/CMakeTmp

Run Build Command:"/usr/bin/make" "cmTC_120be/fast"
make[2]: Entering directory '/home/marc/workspace/SPQReL/worktree/PetriNetPlans/PNPnaoqi/build-sysinstall/CMakeFiles/CMakeTmp'
/usr/bin/make -f CMakeFiles/cmTC_120be.dir/build.make CMakeFiles/cmTC_120be.dir/build
make[3]: Entering directory '/home/marc/workspace/SPQReL/worktree/PetriNetPlans/PNPnaoqi/build-sysinstall/CMakeFiles/CMakeTmp'
Building C object CMakeFiles/cmTC_120be.dir/CheckFunctionExists.c.o
/usr/bin/cc    -DCHECK_FUNCTION_EXISTS=pthread_create   -o CMakeFiles/cmTC_120be.dir/CheckFunctionExists.c.o   -c /usr/share/cmake-3.5/Modules/CheckFunctionExists.c
Linking C executable cmTC_120be
/usr/bin/cmake -E cmake_link_script CMakeFiles/cmTC_120be.dir/link.txt --verbose=1
/usr/bin/cc   -DCHECK_FUNCTION_EXISTS=pthread_create    CMakeFiles/cmTC_120be.dir/CheckFunctionExists.c.o  -o cmTC_120be -rdynamic -lpthreads 
/usr/bin/ld: cannot find -lpthreads
collect2: error: ld returned 1 exit status
CMakeFiles/cmTC_120be.dir/build.make:97: recipe for target 'cmTC_120be' failed
make[3]: *** [cmTC_120be] Error 1
make[3]: Leaving directory '/home/marc/workspace/SPQReL/worktree/PetriNetPlans/PNPnaoqi/build-sysinstall/CMakeFiles/CMakeTmp'
Makefile:126: recipe for target 'cmTC_120be/fast' failed
make[2]: *** [cmTC_120be/fast] Error 2
make[2]: Leaving directory '/home/marc/workspace/SPQReL/worktree/PetriNetPlans/PNPnaoqi/build-sysinstall/CMakeFiles/CMakeTmp'


