Determining if the pthread_create exist failed with the following output:
Change Dir: /home/marc/workspace/SPQReL/worktree/spqrel_navigation/build-sysinstall/CMakeFiles/CMakeTmp

Run Build Command:"/usr/bin/make" "cmTC_c05ff/fast"
make[2]: Entering directory '/home/marc/workspace/SPQReL/worktree/spqrel_navigation/build-sysinstall/CMakeFiles/CMakeTmp'
/usr/bin/make -f CMakeFiles/cmTC_c05ff.dir/build.make CMakeFiles/cmTC_c05ff.dir/build
make[3]: Entering directory '/home/marc/workspace/SPQReL/worktree/spqrel_navigation/build-sysinstall/CMakeFiles/CMakeTmp'
Building C object CMakeFiles/cmTC_c05ff.dir/CheckSymbolExists.c.o
/usr/bin/cc     -o CMakeFiles/cmTC_c05ff.dir/CheckSymbolExists.c.o   -c /home/marc/workspace/SPQReL/worktree/spqrel_navigation/build-sysinstall/CMakeFiles/CMakeTmp/CheckSymbolExists.c
Linking C executable cmTC_c05ff
/usr/bin/cmake -E cmake_link_script CMakeFiles/cmTC_c05ff.dir/link.txt --verbose=1
/usr/bin/cc       CMakeFiles/cmTC_c05ff.dir/CheckSymbolExists.c.o  -o cmTC_c05ff -rdynamic 
CMakeFiles/cmTC_c05ff.dir/CheckSymbolExists.c.o: In function `main':
CheckSymbolExists.c:(.text+0x16): undefined reference to `pthread_create'
collect2: error: ld returned 1 exit status
CMakeFiles/cmTC_c05ff.dir/build.make:97: recipe for target 'cmTC_c05ff' failed
make[3]: *** [cmTC_c05ff] Error 1
make[3]: Leaving directory '/home/marc/workspace/SPQReL/worktree/spqrel_navigation/build-sysinstall/CMakeFiles/CMakeTmp'
Makefile:126: recipe for target 'cmTC_c05ff/fast' failed
make[2]: *** [cmTC_c05ff/fast] Error 2
make[2]: Leaving directory '/home/marc/workspace/SPQReL/worktree/spqrel_navigation/build-sysinstall/CMakeFiles/CMakeTmp'

File /home/marc/workspace/SPQReL/worktree/spqrel_navigation/build-sysinstall/CMakeFiles/CMakeTmp/CheckSymbolExists.c:
/* */
#include <pthread.h>

int main(int argc, char** argv)
{
  (void)argv;
#ifndef pthread_create
  return ((int*)(&pthread_create))[argc];
#else
  (void)argc;
  return 0;
#endif
}

Determining if the function pthread_create exists in the pthreads failed with the following output:
Change Dir: /home/marc/workspace/SPQReL/worktree/spqrel_navigation/build-sysinstall/CMakeFiles/CMakeTmp

Run Build Command:"/usr/bin/make" "cmTC_fa69f/fast"
make[2]: Entering directory '/home/marc/workspace/SPQReL/worktree/spqrel_navigation/build-sysinstall/CMakeFiles/CMakeTmp'
/usr/bin/make -f CMakeFiles/cmTC_fa69f.dir/build.make CMakeFiles/cmTC_fa69f.dir/build
make[3]: Entering directory '/home/marc/workspace/SPQReL/worktree/spqrel_navigation/build-sysinstall/CMakeFiles/CMakeTmp'
Building C object CMakeFiles/cmTC_fa69f.dir/CheckFunctionExists.c.o
/usr/bin/cc    -DCHECK_FUNCTION_EXISTS=pthread_create   -o CMakeFiles/cmTC_fa69f.dir/CheckFunctionExists.c.o   -c /usr/share/cmake-3.5/Modules/CheckFunctionExists.c
Linking C executable cmTC_fa69f
/usr/bin/cmake -E cmake_link_script CMakeFiles/cmTC_fa69f.dir/link.txt --verbose=1
/usr/bin/cc   -DCHECK_FUNCTION_EXISTS=pthread_create    CMakeFiles/cmTC_fa69f.dir/CheckFunctionExists.c.o  -o cmTC_fa69f -rdynamic -lpthreads 
/usr/bin/ld: cannot find -lpthreads
collect2: error: ld returned 1 exit status
CMakeFiles/cmTC_fa69f.dir/build.make:97: recipe for target 'cmTC_fa69f' failed
make[3]: *** [cmTC_fa69f] Error 1
make[3]: Leaving directory '/home/marc/workspace/SPQReL/worktree/spqrel_navigation/build-sysinstall/CMakeFiles/CMakeTmp'
Makefile:126: recipe for target 'cmTC_fa69f/fast' failed
make[2]: *** [cmTC_fa69f/fast] Error 2
make[2]: Leaving directory '/home/marc/workspace/SPQReL/worktree/spqrel_navigation/build-sysinstall/CMakeFiles/CMakeTmp'


