Determining if the pthread_create exist failed with the following output:
Change Dir: /home/marc/workspace/SPQReL/worktree/PetriNetPlans/PNPnaoqi/build-linux64/CMakeFiles/CMakeTmp

Run Build Command:"/usr/bin/make" "cmTC_6267c/fast"
make[2]: Entering directory '/home/marc/workspace/SPQReL/worktree/PetriNetPlans/PNPnaoqi/build-linux64/CMakeFiles/CMakeTmp'
/usr/bin/make -f CMakeFiles/cmTC_6267c.dir/build.make CMakeFiles/cmTC_6267c.dir/build
make[3]: Entering directory '/home/marc/workspace/SPQReL/worktree/PetriNetPlans/PNPnaoqi/build-linux64/CMakeFiles/CMakeTmp'
Building C object CMakeFiles/cmTC_6267c.dir/CheckSymbolExists.c.o
/usr/bin/cc     -o CMakeFiles/cmTC_6267c.dir/CheckSymbolExists.c.o   -c /home/marc/workspace/SPQReL/worktree/PetriNetPlans/PNPnaoqi/build-linux64/CMakeFiles/CMakeTmp/CheckSymbolExists.c
Linking C executable cmTC_6267c
/usr/bin/cmake -E cmake_link_script CMakeFiles/cmTC_6267c.dir/link.txt --verbose=1
/usr/bin/cc       CMakeFiles/cmTC_6267c.dir/CheckSymbolExists.c.o  -o cmTC_6267c -rdynamic 
CMakeFiles/cmTC_6267c.dir/CheckSymbolExists.c.o: In function `main':
CheckSymbolExists.c:(.text+0x16): undefined reference to `pthread_create'
collect2: error: ld returned 1 exit status
CMakeFiles/cmTC_6267c.dir/build.make:97: recipe for target 'cmTC_6267c' failed
make[3]: *** [cmTC_6267c] Error 1
make[3]: Leaving directory '/home/marc/workspace/SPQReL/worktree/PetriNetPlans/PNPnaoqi/build-linux64/CMakeFiles/CMakeTmp'
Makefile:126: recipe for target 'cmTC_6267c/fast' failed
make[2]: *** [cmTC_6267c/fast] Error 2
make[2]: Leaving directory '/home/marc/workspace/SPQReL/worktree/PetriNetPlans/PNPnaoqi/build-linux64/CMakeFiles/CMakeTmp'

File /home/marc/workspace/SPQReL/worktree/PetriNetPlans/PNPnaoqi/build-linux64/CMakeFiles/CMakeTmp/CheckSymbolExists.c:
/* */
#include <pthread.h>

int main(int argc, char** argv)
{
  (void)argv;
#ifndef pthread_create
  return ((int*)(&pthread_create))[argc];
#else
  (void)argc;
  return 0;
#endif
}

Determining if the function pthread_create exists in the pthreads failed with the following output:
Change Dir: /home/marc/workspace/SPQReL/worktree/PetriNetPlans/PNPnaoqi/build-linux64/CMakeFiles/CMakeTmp

Run Build Command:"/usr/bin/make" "cmTC_d0285/fast"
make[2]: Entering directory '/home/marc/workspace/SPQReL/worktree/PetriNetPlans/PNPnaoqi/build-linux64/CMakeFiles/CMakeTmp'
/usr/bin/make -f CMakeFiles/cmTC_d0285.dir/build.make CMakeFiles/cmTC_d0285.dir/build
make[3]: Entering directory '/home/marc/workspace/SPQReL/worktree/PetriNetPlans/PNPnaoqi/build-linux64/CMakeFiles/CMakeTmp'
Building C object CMakeFiles/cmTC_d0285.dir/CheckFunctionExists.c.o
/usr/bin/cc    -DCHECK_FUNCTION_EXISTS=pthread_create   -o CMakeFiles/cmTC_d0285.dir/CheckFunctionExists.c.o   -c /usr/share/cmake-3.5/Modules/CheckFunctionExists.c
Linking C executable cmTC_d0285
/usr/bin/cmake -E cmake_link_script CMakeFiles/cmTC_d0285.dir/link.txt --verbose=1
/usr/bin/cc   -DCHECK_FUNCTION_EXISTS=pthread_create    CMakeFiles/cmTC_d0285.dir/CheckFunctionExists.c.o  -o cmTC_d0285 -rdynamic -lpthreads 
/usr/bin/ld: cannot find -lpthreads
collect2: error: ld returned 1 exit status
CMakeFiles/cmTC_d0285.dir/build.make:97: recipe for target 'cmTC_d0285' failed
make[3]: *** [cmTC_d0285] Error 1
make[3]: Leaving directory '/home/marc/workspace/SPQReL/worktree/PetriNetPlans/PNPnaoqi/build-linux64/CMakeFiles/CMakeTmp'
Makefile:126: recipe for target 'cmTC_d0285/fast' failed
make[2]: *** [cmTC_d0285/fast] Error 2
make[2]: Leaving directory '/home/marc/workspace/SPQReL/worktree/PetriNetPlans/PNPnaoqi/build-linux64/CMakeFiles/CMakeTmp'


Determining if the pthread_create exist failed with the following output:
Change Dir: /home/marc/workspace/SPQReL/worktree/PetriNetPlans/PNPnaoqi/build-linux64/CMakeFiles/CMakeTmp

Run Build Command:"/usr/bin/make" "cmTC_203ec/fast"
make[1]: Entering directory '/home/marc/workspace/SPQReL/worktree/PetriNetPlans/PNPnaoqi/build-linux64/CMakeFiles/CMakeTmp'
/usr/bin/make -f CMakeFiles/cmTC_203ec.dir/build.make CMakeFiles/cmTC_203ec.dir/build
make[2]: Entering directory '/home/marc/workspace/SPQReL/worktree/PetriNetPlans/PNPnaoqi/build-linux64/CMakeFiles/CMakeTmp'
Building C object CMakeFiles/cmTC_203ec.dir/CheckSymbolExists.c.o
/usr/bin/cc     -o CMakeFiles/cmTC_203ec.dir/CheckSymbolExists.c.o   -c /home/marc/workspace/SPQReL/worktree/PetriNetPlans/PNPnaoqi/build-linux64/CMakeFiles/CMakeTmp/CheckSymbolExists.c
Linking C executable cmTC_203ec
/usr/bin/cmake -E cmake_link_script CMakeFiles/cmTC_203ec.dir/link.txt --verbose=1
/usr/bin/cc       CMakeFiles/cmTC_203ec.dir/CheckSymbolExists.c.o  -o cmTC_203ec -rdynamic 
CMakeFiles/cmTC_203ec.dir/CheckSymbolExists.c.o: In function `main':
CheckSymbolExists.c:(.text+0x16): undefined reference to `pthread_create'
collect2: error: ld returned 1 exit status
CMakeFiles/cmTC_203ec.dir/build.make:97: recipe for target 'cmTC_203ec' failed
make[2]: *** [cmTC_203ec] Error 1
make[2]: Leaving directory '/home/marc/workspace/SPQReL/worktree/PetriNetPlans/PNPnaoqi/build-linux64/CMakeFiles/CMakeTmp'
Makefile:126: recipe for target 'cmTC_203ec/fast' failed
make[1]: *** [cmTC_203ec/fast] Error 2
make[1]: Leaving directory '/home/marc/workspace/SPQReL/worktree/PetriNetPlans/PNPnaoqi/build-linux64/CMakeFiles/CMakeTmp'

File /home/marc/workspace/SPQReL/worktree/PetriNetPlans/PNPnaoqi/build-linux64/CMakeFiles/CMakeTmp/CheckSymbolExists.c:
/* */
#include <pthread.h>

int main(int argc, char** argv)
{
  (void)argv;
#ifndef pthread_create
  return ((int*)(&pthread_create))[argc];
#else
  (void)argc;
  return 0;
#endif
}

Determining if the function pthread_create exists in the pthreads failed with the following output:
Change Dir: /home/marc/workspace/SPQReL/worktree/PetriNetPlans/PNPnaoqi/build-linux64/CMakeFiles/CMakeTmp

Run Build Command:"/usr/bin/make" "cmTC_a1b00/fast"
make[1]: Entering directory '/home/marc/workspace/SPQReL/worktree/PetriNetPlans/PNPnaoqi/build-linux64/CMakeFiles/CMakeTmp'
/usr/bin/make -f CMakeFiles/cmTC_a1b00.dir/build.make CMakeFiles/cmTC_a1b00.dir/build
make[2]: Entering directory '/home/marc/workspace/SPQReL/worktree/PetriNetPlans/PNPnaoqi/build-linux64/CMakeFiles/CMakeTmp'
Building C object CMakeFiles/cmTC_a1b00.dir/CheckFunctionExists.c.o
/usr/bin/cc    -DCHECK_FUNCTION_EXISTS=pthread_create   -o CMakeFiles/cmTC_a1b00.dir/CheckFunctionExists.c.o   -c /usr/share/cmake-3.5/Modules/CheckFunctionExists.c
Linking C executable cmTC_a1b00
/usr/bin/cmake -E cmake_link_script CMakeFiles/cmTC_a1b00.dir/link.txt --verbose=1
/usr/bin/cc   -DCHECK_FUNCTION_EXISTS=pthread_create    CMakeFiles/cmTC_a1b00.dir/CheckFunctionExists.c.o  -o cmTC_a1b00 -rdynamic -lpthreads 
/usr/bin/ld: cannot find -lpthreads
collect2: error: ld returned 1 exit status
CMakeFiles/cmTC_a1b00.dir/build.make:97: recipe for target 'cmTC_a1b00' failed
make[2]: *** [cmTC_a1b00] Error 1
make[2]: Leaving directory '/home/marc/workspace/SPQReL/worktree/PetriNetPlans/PNPnaoqi/build-linux64/CMakeFiles/CMakeTmp'
Makefile:126: recipe for target 'cmTC_a1b00/fast' failed
make[1]: *** [cmTC_a1b00/fast] Error 2
make[1]: Leaving directory '/home/marc/workspace/SPQReL/worktree/PetriNetPlans/PNPnaoqi/build-linux64/CMakeFiles/CMakeTmp'


