
Generation of PNP 'sample1'
plan read:  waitfor_screentouched; dialogue_howareyou; posture_Stand; say_hello; waitfor_dooropen; say_starting; posture_Rest;
current plan:  waitfor_screentouched; dialogue_howareyou; posture_Stand; say_hello; waitfor_dooropen; say_starting; posture_Rest;
rest of the plan:  dialogue_howareyou; posture_Stand; say_hello; waitfor_dooropen; say_starting; posture_Rest;
..adding action: waitfor_screentouched
current plan:  dialogue_howareyou; posture_Stand; say_hello; waitfor_dooropen; say_starting; posture_Rest;
rest of the plan:  posture_Stand; say_hello; waitfor_dooropen; say_starting; posture_Rest;
..adding action: dialogue_howareyou
current plan:  posture_Stand; say_hello; waitfor_dooropen; say_starting; posture_Rest;
rest of the plan:  say_hello; waitfor_dooropen; say_starting; posture_Rest;
..adding action: posture_Stand
current plan:  say_hello; waitfor_dooropen; say_starting; posture_Rest;
rest of the plan:  waitfor_dooropen; say_starting; posture_Rest;
..adding action: say_hello
current plan:  waitfor_dooropen; say_starting; posture_Rest;
rest of the plan:  say_starting; posture_Rest;
..adding action: waitfor_dooropen
current plan:  say_starting; posture_Rest;
rest of the plan:  posture_Rest;
..adding action: say_starting
current plan:  posture_Rest;
rest of the plan: 
..adding action: posture_Rest
current plan: 
end

PNP 'sample1' saved.
PNP stats: 'Actions: 7 Places: 15 Transitions: 14 Edges: 28
